<?xml version="1.0" encoding="UTF-8"?>
<!-- Generated by org.testng.reporters.JUnitReportReporter -->
<testsuite hostname="HARIKRISHNA" failures="0" tests="2" name="smoketests.NewTest" time="0.022" errors="0" timestamp="25 Aug 2018 23:11:34 GMT" skipped="0">
  <testcase classname="smoketests.NewTest" name="f" time="0.012"/>
  <testcase classname="smoketests.NewTest" name="f" time="0.010"/>
</testsuite> <!-- smoketests.NewTest -->
