<?xml version="1.0" encoding="UTF-8"?>
<!-- Generated by org.testng.reporters.JUnitReportReporter -->
<testsuite hostname="HARIKRISHNA" failures="0" tests="1" name="smoketests.LoginPresentTestNG" time="3.021" errors="0" timestamp="26 Aug 2018 15:46:29 GMT" skipped="0">
  <testcase classname="smoketests.LoginPresentTestNG" name="loginElementsPresentTest" time="3.021"/>
</testsuite> <!-- smoketests.LoginPresentTestNG -->
